<?xml version="1.0" encoding="UTF-8"?>
<testng-results skipped="0" failed="0" total="2" passed="2">
  <reporter-output>
  </reporter-output>
  <suite name="ApiTestSuite" duration-ms="141" started-at="2020-01-05T07:30:36Z" finished-at="2020-01-05T07:30:36Z">
    <groups>
    </groups>
    <test name="Javamall" duration-ms="141" started-at="2020-01-05T07:30:36Z" finished-at="2020-01-05T07:30:36Z">
      <class name="net.kitty.lesson.helloapi.lesson2019.Day2_5_PropGenerator">
        <test-method status="PASS" signature="test123()[pri:0, instance:net.kitty.lesson.helloapi.lesson2019.Day2_5_PropGenerator@401e7803]" name="test123" duration-ms="43" started-at="2020-01-05T15:30:36Z" description="描述" finished-at="2020-01-05T15:30:36Z">
          <reporter-output>
          </reporter-output>
        </test-method> <!-- test123 -->
      </class> <!-- net.kitty.lesson.helloapi.lesson2019.Day2_5_PropGenerator -->
      <class name="net.kitty.lesson.helloapi.lesson2019.Day2_5_PropConsumer">
        <test-method status="PASS" signature="test()[pri:0, instance:net.kitty.lesson.helloapi.lesson2019.Day2_5_PropConsumer@704d6e83]" name="test" duration-ms="7" started-at="2020-01-05T15:30:36Z" finished-at="2020-01-05T15:30:36Z">
          <reporter-output>
          </reporter-output>
        </test-method> <!-- test -->
      </class> <!-- net.kitty.lesson.helloapi.lesson2019.Day2_5_PropConsumer -->
    </test> <!-- Javamall -->
  </suite> <!-- ApiTestSuite -->
</testng-results>
